<?xml version="1.0" encoding="UTF-8"?>
<testsuite name="com.ait.qa28.demowebshop.LoginTests" tests="1" skipped="0" failures="0" errors="0" timestamp="2023-12-06T19:55:17" hostname="MBP-Igor" time="0.004">
  <properties/>
  <testcase name="loginRegisteredUserPositiveTest" classname="com.ait.qa28.demowebshop.LoginTests" time="0.004"/>
  <system-out><![CDATA[20:55:05.780 [Test worker] INFO  com.ait.qa28.demowebshop.TestBase -- Start test loginRegisteredUserPositiveTest with data: []
20:55:17.612 [Test worker] INFO  com.ait.qa28.demowebshop.TestBase -- PASSED: loginRegisteredUserPositiveTest
20:55:17.613 [Test worker] INFO  com.ait.qa28.demowebshop.TestBase -- ============================
]]></system-out>
  <system-err><![CDATA[]]></system-err>
</testsuite>
